2018-04-29 11:11:56,760 - Log4JLogChute initialized using file 'velocity.log'
2018-04-29 11:11:56,762 - Starting Apache Velocity v1.5 (compiled: 2007-02-22 08:52:29)
2018-04-29 11:11:56,762 - Default Properties File: org\apache\velocity\runtime\defaults\velocity.properties
2018-04-29 11:11:56,763 - Trying to use logger class org.apache.velocity.runtime.log.AvalonLogChute
2018-04-29 11:11:56,764 - Couldn't find class org.apache.velocity.runtime.log.AvalonLogChute or necessary supporting classes in classpath.
java.lang.NoClassDefFoundError: org/apache/log/format/Formatter
	at java.lang.Class.forName0(Native Method)
	at java.lang.Class.forName(Unknown Source)
	at org.apache.velocity.util.ClassUtils.getClass(ClassUtils.java:63)
	at org.apache.velocity.util.ClassUtils.getNewInstance(ClassUtils.java:95)
	at org.apache.velocity.runtime.log.LogManager.createLogChute(LogManager.java:147)
	at org.apache.velocity.runtime.log.LogManager.updateLog(LogManager.java:208)
	at org.apache.velocity.runtime.RuntimeInstance.initializeLog(RuntimeInstance.java:728)
	at org.apache.velocity.runtime.RuntimeInstance.init(RuntimeInstance.java:240)
	at org.apache.velocity.runtime.RuntimeInstance.init(RuntimeInstance.java:534)
	at org.apache.velocity.app.VelocityEngine.init(VelocityEngine.java:144)
	at org.eclipse.jpt.jpa.gen.internal.PackageGenerator.generateClass(PackageGenerator.java:303)
	at org.eclipse.jpt.jpa.gen.internal.PackageGenerator.generateInternal(PackageGenerator.java:132)
	at org.eclipse.jpt.jpa.gen.internal.PackageGenerator.doGenerate(PackageGenerator.java:106)
	at org.eclipse.jpt.jpa.gen.internal.PackageGenerator.generate(PackageGenerator.java:82)
	at org.eclipse.jpt.jpa.ui.internal.wizards.gen.GenerateEntitiesFromSchemaWizard$GenerateEntitiesJob.runInWorkspace(GenerateEntitiesFromSchemaWizard.java:285)
	at org.eclipse.core.internal.resources.InternalWorkspaceJob.run(InternalWorkspaceJob.java:39)
	at org.eclipse.core.internal.jobs.Worker.run(Worker.java:56)
Caused by: java.lang.ClassNotFoundException: org.apache.log.format.Formatter cannot be found by org.apache.velocity_1.5.0.v200905192330
	at org.eclipse.osgi.internal.loader.BundleLoader.findClassInternal(BundleLoader.java:484)
	at org.eclipse.osgi.internal.loader.BundleLoader.findClass(BundleLoader.java:395)
	at org.eclipse.osgi.internal.loader.BundleLoader.findClass(BundleLoader.java:387)
	at org.eclipse.osgi.internal.loader.ModuleClassLoader.loadClass(ModuleClassLoader.java:150)
	at java.lang.ClassLoader.loadClass(Unknown Source)
	... 17 more
2018-04-29 11:11:56,765 - Trying to use logger class org.apache.velocity.runtime.log.Log4JLogChute
2018-04-29 11:11:56,765 - Using logger class org.apache.velocity.runtime.log.Log4JLogChute
2018-04-29 11:11:56,767 - Default ResourceManager initializing. (class org.apache.velocity.runtime.resource.ResourceManagerImpl)
2018-04-29 11:11:56,770 - ResourceLoader instantiated: org.apache.velocity.runtime.resource.loader.FileResourceLoader
2018-04-29 11:11:56,772 - Do unicode file recognition:  false
2018-04-29 11:11:56,772 - FileResourceLoader : adding path 'C:\eclipse\configuration\org.eclipse.jpt.jpa.gen\templates\entities'
2018-04-29 11:11:56,785 - ResourceCache: initialized (class org.apache.velocity.runtime.resource.ResourceCacheImpl)
2018-04-29 11:11:56,786 - Loaded System Directive: org.apache.velocity.runtime.directive.Literal
2018-04-29 11:11:56,787 - Loaded System Directive: org.apache.velocity.runtime.directive.Macro
2018-04-29 11:11:56,789 - Loaded System Directive: org.apache.velocity.runtime.directive.Parse
2018-04-29 11:11:56,790 - Loaded System Directive: org.apache.velocity.runtime.directive.Include
2018-04-29 11:11:56,790 - Loaded System Directive: org.apache.velocity.runtime.directive.Foreach
2018-04-29 11:11:56,817 - Created '20' parsers.
2018-04-29 11:11:56,820 - Velocimacro : "velocimacro.library" is not set.  Trying default library: VM_global_library.vm
2018-04-29 11:11:56,821 - Velocimacro : Default library not found.
2018-04-29 11:11:56,821 - Velocimacro : allowInline = true : VMs can be defined inline in templates
2018-04-29 11:11:56,821 - Velocimacro : allowInlineToOverride = false : VMs defined inline may NOT replace previous VM definitions
2018-04-29 11:11:56,821 - Velocimacro : allowInlineLocal = false : VMs defined inline will be global in scope if allowed.
2018-04-29 11:11:56,821 - Velocimacro : autoload off : VM system will not automatically reload global library macros
2018-04-29 11:11:56,853 - ResourceManager : found main.java.vm with loader org.apache.velocity.runtime.resource.loader.FileResourceLoader
2018-04-29 11:11:56,880 - ResourceManager : found mappingKind.vm with loader org.apache.velocity.runtime.resource.loader.FileResourceLoader
2018-04-29 11:11:56,889 - Velocimacro : added #append(  members parameters ) : source = column.vm
2018-04-29 11:11:56,902 - ResourceManager : found column.vm with loader org.apache.velocity.runtime.resource.loader.FileResourceLoader
2018-04-29 11:11:56,904 - ResourceManager : found mappingKind.vm with loader org.apache.velocity.runtime.resource.loader.FileResourceLoader
2018-04-29 11:11:56,905 - Velocimacro : VM addition rejected : append : inline not allowed to replace existing VM
2018-04-29 11:11:56,905 - Failed to add macro: #append(  members parameters ) : source = column.vm
2018-04-29 11:11:56,912 - ResourceManager : found column.vm with loader org.apache.velocity.runtime.resource.loader.FileResourceLoader
2018-04-29 11:11:56,944 - ResourceManager : found pk.java.vm with loader org.apache.velocity.runtime.resource.loader.FileResourceLoader
2018-04-29 11:11:56,944 - Velocimacro : VM addition rejected : append : inline not allowed to replace existing VM
2018-04-29 11:11:56,944 - Failed to add macro: #append(  members parameters ) : source = column.vm
2018-04-29 11:11:56,949 - ResourceManager : found column.vm with loader org.apache.velocity.runtime.resource.loader.FileResourceLoader
2018-04-29 11:11:56,951 - Velocimacro : VM addition rejected : append : inline not allowed to replace existing VM
2018-04-29 11:11:56,951 - Failed to add macro: #append(  members parameters ) : source = column.vm
2018-04-29 11:11:56,956 - ResourceManager : found column.vm with loader org.apache.velocity.runtime.resource.loader.FileResourceLoader
